********************************************************************************
DUPLICATOR-LITE PACKAGE-LOG: March 19, 2019 6:26 am
NOTICE: Do NOT post to public sites or forums 
********************************************************************************
VERSION:	1.3.10
WORDPRESS:	5.1.1
PHP INFO:	7.0.18-0ubuntu0.16.04.1 | SAPI: apache2handler
SERVER:		Apache/2.4.18 (Ubuntu) 
PHP TIME LIMIT: (0) no time limit imposed 
PHP MAX MEMORY: 4294967296 (128M default) 
MEMORY STACK: 28MB 

********************************************************************************
DATABASE:
********************************************************************************
BUILD MODE:   MYSQLDUMP
MYSQLTIMEOUT: 5000
MYSQLDUMP:    Is Supported 
SQL CREATED: 20190319_newsite_0b3d87e5076c32e47342_20190319062605_database.sql 
SQL FILE SIZE: 510.78KB (523035) 
SQL FILE TIME: 2019-03-19 06:26:31 
SQL RUNTIME: 2.55 sec. 

******************************************************************************** 
ARCHIVE (ZIP): 
******************************************************************************** 
ARCHIVE DIR:  /var/www/public 
ARCHIVE FILE: 20190319_newsite_0b3d87e5076c32e47342_20190319062605_archive.zip 
FILTERS: *OFF* 
DIRS:
	not set 
FILES:
	not set 
EXTS:  not set 
---------------------------------------- 
COMPRESSING 
SIZE:	44.7MB 
STATS:	Dirs 227 | Files 1,981 
SQL ADDED: 20190319_newsite_0b3d87e5076c32e47342_20190319062605_database.sql 
ZipArchive Object
(
    [status] => 0
    [statusSys] => 0
    [numFiles] => 2208
    [filename] => /var/www/public/wp-snapshots/tmp/20190319_newsite_0b3d87e5076c32e47342_20190319062605_archive.zip
    [comment] => 
)
 
FILE ADDED TO ZIP: 2207 
COMPRESSION RESULT: '1' 
COMPRESSED SIZE: 13.45MB 
ARCHIVE RUNTIME: 46.76 sec. 
MEMORY STACK: 28MB 
building installer 
add_extra_files1 
add_extra_files2 
add_extra_files3 
add_extra_files4 
Doing archive file check 
add_extra_files5 
add_extra_files6 
add_extra_files8 
Successfully opened zip /var/www/public/wp-snapshots/tmp/20190319_newsite_0b3d87e5076c32e47342_20190319062605_archive.zip 
Adding enhanced installer files to archive using ZipArchive 
Installer files added to archive 
Added to archive 
After ziparchive close when adding installer 

******************************************************************************** 
INTEGRITY CHECKS: 
******************************************************************************** 
SQL FILE: 510.78KB 
INSTALLER FILE: 207.32KB 
ARCHIVE FILE: 14.39MB  
EXPECTED FILE/DIRECTORY COUNT: 2,208 
ACTUAL FILE/DIRECTORY COUNT: 2,207 
ARCHIVE CONSISTENCY TEST: Pass 

********************************************************************************
RECORD ID:[1]
TOTAL PROCESS RUNTIME: 51.54 sec.
PEAK PHP MEMORY USED: 28MB
DONE PROCESSING => 20190319_newsite March 19, 2019 6:27 am
 
