********************************************************************************
DUPLICATOR-LITE PACKAGE-LOG: March 20, 2019 4:30 am
NOTICE: Do NOT post to public sites or forums 
********************************************************************************
VERSION:	1.3.10
WORDPRESS:	5.1.1
PHP INFO:	7.0.18-0ubuntu0.16.04.1 | SAPI: apache2handler
SERVER:		Apache/2.4.18 (Ubuntu) 
PHP TIME LIMIT: (0) no time limit imposed 
PHP MAX MEMORY: 4294967296 (128M default) 
MEMORY STACK: 16MB 

********************************************************************************
DATABASE:
********************************************************************************
BUILD MODE:   MYSQLDUMP
MYSQLTIMEOUT: 5000
MYSQLDUMP:    Is Supported 
SQL CREATED: prac03_final_e52d972f3609aafc9053_20190320042940_database.sql 
SQL FILE SIZE: 600.93KB (615356) 
SQL FILE TIME: 2019-03-20 04:30:15 
SQL RUNTIME: 2.88 sec. 

******************************************************************************** 
ARCHIVE (ZIP): 
******************************************************************************** 
ARCHIVE DIR:  /var/www/public 
ARCHIVE FILE: prac03_final_e52d972f3609aafc9053_20190320042940_archive.zip 
FILTERS: *OFF* 
DIRS:
	not set 
FILES:
	not set 
EXTS:  not set 
---------------------------------------- 
COMPRESSING 
SIZE:	47.17MB 
STATS:	Dirs 227 | Files 2,000 
SQL ADDED: prac03_final_e52d972f3609aafc9053_20190320042940_database.sql 
ZipArchive Object
(
    [status] => 0
    [statusSys] => 0
    [numFiles] => 2227
    [filename] => /var/www/public/wp-snapshots/tmp/prac03_final_e52d972f3609aafc9053_20190320042940_archive.zip
    [comment] => 
)
 
FILE ADDED TO ZIP: 2226 
COMPRESSION RESULT: '1' 
COMPRESSED SIZE: 15.93MB 
ARCHIVE RUNTIME: 60.63 sec. 
MEMORY STACK: 16MB 
building installer 
add_extra_files1 
add_extra_files2 
add_extra_files3 
add_extra_files4 
Doing archive file check 
add_extra_files5 
add_extra_files6 
add_extra_files8 
Successfully opened zip /var/www/public/wp-snapshots/tmp/prac03_final_e52d972f3609aafc9053_20190320042940_archive.zip 
Adding enhanced installer files to archive using ZipArchive 
Installer files added to archive 
Added to archive 
After ziparchive close when adding installer 

******************************************************************************** 
INTEGRITY CHECKS: 
******************************************************************************** 
SQL FILE: 600.93KB 
INSTALLER FILE: 207.32KB 
ARCHIVE FILE: 16.87MB  
EXPECTED FILE/DIRECTORY COUNT: 2,227 
ACTUAL FILE/DIRECTORY COUNT: 2,226 
ARCHIVE CONSISTENCY TEST: Pass 

********************************************************************************
RECORD ID:[2]
TOTAL PROCESS RUNTIME: 66.77 sec.
PEAK PHP MEMORY USED: 16MB
DONE PROCESSING => prac03_final March 20, 2019 4:31 am
 
